trea_hunt/Library/Bee/Android/Prj/Mono2x/Gradle/launcher/build/intermediates/manifest_merge_blame_file/release/manifest-merger-blame-release-report.txt
1<?xml version="1.0" encoding="utf-8"?>
2<manifest xmlns:android="http://schemas.android.com/apk/res/android"
3    package="com.DefaultCompany.ARTreasureHunt"
4    android:installLocation="preferExternal"
5    android:versionCode="1"
6    android:versionName="0.1" >
7
8    <uses-sdk
9        android:minSdkVersion="26"
9-->src\main\AndroidManifest.xml
10        android:targetSdkVersion="30" />
10-->src\main\AndroidManifest.xml
11
12    <supports-screens
12-->src\main\AndroidManifest.xml:3:3-163
13        android:anyDensity="true"
13-->src\main\AndroidManifest.xml:3:135-160
14        android:largeScreens="true"
14-->src\main\AndroidManifest.xml:3:78-105
15        android:normalScreens="true"
15-->src\main\AndroidManifest.xml:3:49-77
16        android:smallScreens="true"
16-->src\main\AndroidManifest.xml:3:21-48
17        android:xlargeScreens="true" />
17-->src\main\AndroidManifest.xml:3:106-134
18
19    <uses-feature android:glEsVersion="0x00030000" />
19-->[:unityLibrary] AndroidManifest.xml:12:5-54
19-->[:unityLibrary] AndroidManifest.xml:12:19-51
20
21    <uses-permission android:name="android.permission.INTERNET" />
21-->[:unityLibrary] AndroidManifest.xml:14:5-67
21-->[:unityLibrary] AndroidManifest.xml:14:22-64
22    <uses-permission android:name="android.permission.ACCESS_NETWORK_STATE" />
22-->[:unityLibrary] AndroidManifest.xml:15:5-79
22-->[:unityLibrary] AndroidManifest.xml:15:22-76
23    <uses-permission android:name="android.permission.CAMERA" />
23-->[:unityLibrary] AndroidManifest.xml:16:5-65
23-->[:unityLibrary] AndroidManifest.xml:16:22-62
24
25    <uses-feature
25-->[:unityLibrary] AndroidManifest.xml:18:5-20:36
26        android:name="android.hardware.camera"
26-->[:unityLibrary] AndroidManifest.xml:19:9-47
27        android:required="true" />
27-->[:unityLibrary] AndroidManifest.xml:20:9-33
28    <uses-feature
28-->[:unityLibrary] AndroidManifest.xml:21:5-23:36
29        android:name="android.hardware.camera.autofocus"
29-->[:unityLibrary] AndroidManifest.xml:22:9-57
30        android:required="false" />
30-->[:unityLibrary] AndroidManifest.xml:23:9-33
31    <uses-feature
31-->[:unityLibrary] AndroidManifest.xml:24:5-26:36
32        android:name="android.hardware.camera.front"
32-->[:unityLibrary] AndroidManifest.xml:25:9-53
33        android:required="false" />
33-->[:unityLibrary] AndroidManifest.xml:26:9-33
34    <uses-feature
34-->[:unityLibrary] AndroidManifest.xml:27:5-29:36
35        android:name="android.hardware.touchscreen"
35-->[:unityLibrary] AndroidManifest.xml:28:9-52
36        android:required="false" />
36-->[:unityLibrary] AndroidManifest.xml:29:9-33
37    <uses-feature
37-->[:unityLibrary] AndroidManifest.xml:30:5-32:36
38        android:name="android.hardware.touchscreen.multitouch"
38-->[:unityLibrary] AndroidManifest.xml:31:9-63
39        android:required="false" />
39-->[:unityLibrary] AndroidManifest.xml:32:9-33
40    <uses-feature
40-->[:unityLibrary] AndroidManifest.xml:33:5-35:36
41        android:name="android.hardware.touchscreen.multitouch.distinct"
41-->[:unityLibrary] AndroidManifest.xml:34:9-72
42        android:required="false" />
42-->[:unityLibrary] AndroidManifest.xml:35:9-33
43
44    <queries>
44-->[com.google.ar:core:1.22.0] AndroidManifest.xml:29:5-31:15
45        <package android:name="com.google.ar.core" />
45-->[com.google.ar:core:1.22.0] AndroidManifest.xml:30:9-54
45-->[com.google.ar:core:1.22.0] AndroidManifest.xml:30:18-51
46    </queries>
47
48    <application
48-->src\main\AndroidManifest.xml:4:3-83
49        android:extractNativeLibs="true"
49-->[:unityLibrary] AndroidManifest.xml:37:18-50
50        android:icon="@mipmap/app_icon"
50-->src\main\AndroidManifest.xml:4:49-80
51        android:label="@string/app_name" >
51-->src\main\AndroidManifest.xml:4:16-48
52        <activity
52-->[:unityLibrary] AndroidManifest.xml:38:9-58:20
53            android:name="com.unity3d.player.UnityPlayerActivity"
53-->[:unityLibrary] AndroidManifest.xml:39:13-66
54            android:configChanges="mcc|mnc|locale|touchscreen|keyboard|keyboardHidden|navigation|orientation|screenLayout|uiMode|screenSize|smallestScreenSize|fontScale|layoutDirection|density"
54-->[:unityLibrary] AndroidManifest.xml:40:13-194
55            android:hardwareAccelerated="false"
55-->[:unityLibrary] AndroidManifest.xml:41:13-48
56            android:launchMode="singleTask"
56-->[:unityLibrary] AndroidManifest.xml:42:13-44
57            android:resizeableActivity="false"
57-->[:unityLibrary] AndroidManifest.xml:43:13-47
58            android:screenOrientation="landscape"
58-->[:unityLibrary] AndroidManifest.xml:44:13-50
59            android:theme="@style/UnityThemeSelector" >
59-->[:unityLibrary] AndroidManifest.xml:45:13-54
60            <intent-filter>
60-->[:unityLibrary] AndroidManifest.xml:46:13-50:29
61                <action android:name="android.intent.action.MAIN" />
61-->[:unityLibrary] AndroidManifest.xml:47:17-69
61-->[:unityLibrary] AndroidManifest.xml:47:25-66
62
63                <category android:name="android.intent.category.LAUNCHER" />
63-->[:unityLibrary] AndroidManifest.xml:49:17-77
63-->[:unityLibrary] AndroidManifest.xml:49:27-74
64            </intent-filter>
65
66            <meta-data
66-->[:unityLibrary] AndroidManifest.xml:52:13-54:40
67                android:name="unityplayer.UnityActivity"
67-->[:unityLibrary] AndroidManifest.xml:53:17-57
68                android:value="true" />
68-->[:unityLibrary] AndroidManifest.xml:54:17-37
69            <meta-data
69-->[:unityLibrary] AndroidManifest.xml:55:13-57:40
70                android:name="android.notch_support"
70-->[:unityLibrary] AndroidManifest.xml:56:17-53
71                android:value="true" />
71-->[:unityLibrary] AndroidManifest.xml:57:17-37
72        </activity>
73
74        <meta-data
74-->[:unityLibrary] AndroidManifest.xml:60:9-62:33
75            android:name="unity.splash-mode"
75-->[:unityLibrary] AndroidManifest.xml:61:13-45
76            android:value="0" />
76-->[:unityLibrary] AndroidManifest.xml:62:13-30
77        <meta-data
77-->[:unityLibrary] AndroidManifest.xml:63:9-65:36
78            android:name="unity.splash-enable"
78-->[:unityLibrary] AndroidManifest.xml:64:13-47
79            android:value="True" />
79-->[:unityLibrary] AndroidManifest.xml:65:13-33
80        <meta-data
80-->[:unityLibrary] AndroidManifest.xml:66:9-68:36
81            android:name="unity.launch-fullscreen"
81-->[:unityLibrary] AndroidManifest.xml:67:13-51
82            android:value="True" />
82-->[:unityLibrary] AndroidManifest.xml:68:13-33
83        <meta-data
83-->[:unityLibrary] AndroidManifest.xml:69:9-71:37
84            android:name="unity.allow-resizable-window"
84-->[:unityLibrary] AndroidManifest.xml:70:13-56
85            android:value="False" />
85-->[:unityLibrary] AndroidManifest.xml:71:13-34
86        <meta-data
86-->[:unityLibrary] AndroidManifest.xml:72:9-74:50
87            android:name="notch.config"
87-->[:unityLibrary] AndroidManifest.xml:73:13-40
88            android:value="portrait|landscape" />
88-->[:unityLibrary] AndroidManifest.xml:74:13-47
89        <meta-data
89-->[:unityLibrary] AndroidManifest.xml:75:9-77:40
90            android:name="com.google.ar.core"
90-->[:unityLibrary] AndroidManifest.xml:76:13-46
91            android:value="optional" /> <!-- The minimal version code of ARCore APK required for an app using this SDK. -->
91-->[:unityLibrary] AndroidManifest.xml:77:13-37
92        <meta-data
92-->[com.google.ar:core:1.22.0] AndroidManifest.xml:36:9-38:41
93            android:name="com.google.ar.core.min_apk_version"
93-->[com.google.ar:core:1.22.0] AndroidManifest.xml:37:13-62
94            android:value="202940000" /> <!-- This activity is critical for installing ARCore when it is not already present. -->
94-->[com.google.ar:core:1.22.0] AndroidManifest.xml:38:13-38
95        <activity
95-->[com.google.ar:core:1.22.0] AndroidManifest.xml:40:9-46:80
96            android:name="com.google.ar.core.InstallActivity"
96-->[com.google.ar:core:1.22.0] AndroidManifest.xml:41:13-62
97            android:configChanges="keyboardHidden|orientation|screenSize"
97-->[com.google.ar:core:1.22.0] AndroidManifest.xml:42:13-74
98            android:excludeFromRecents="true"
98-->[com.google.ar:core:1.22.0] AndroidManifest.xml:43:13-46
99            android:exported="false"
99-->[com.google.ar:core:1.22.0] AndroidManifest.xml:44:13-37
100            android:launchMode="singleTop"
100-->[com.google.ar:core:1.22.0] AndroidManifest.xml:45:13-43
101            android:theme="@android:style/Theme.Material.Light.Dialog.Alert" />
101-->[com.google.ar:core:1.22.0] AndroidManifest.xml:46:13-77
102
103        <provider
103-->[:VuforiaEngine:] AndroidManifest.xml:14:9-22:20
104            android:name="com.vuforia.engine.app.VuforiaContentProvider"
104-->[:VuforiaEngine:] AndroidManifest.xml:15:13-73
105            android:authorities="com.DefaultCompany.ARTreasureHunt.vuforia.share"
105-->[:VuforiaEngine:] AndroidManifest.xml:16:13-65
106            android:exported="false"
106-->[:VuforiaEngine:] AndroidManifest.xml:17:13-37
107            android:grantUriPermissions="true" >
107-->[:VuforiaEngine:] AndroidManifest.xml:18:13-47
108            <meta-data
108-->[:VuforiaEngine:] AndroidManifest.xml:19:13-21:53
109                android:name="android.support.FILE_PROVIDER_PATHS"
109-->[:VuforiaEngine:] AndroidManifest.xml:20:17-67
110                android:resource="@xml/filepaths" />
110-->[:VuforiaEngine:] AndroidManifest.xml:21:17-50
111        </provider>
112    </application>
113
114</manifest>